app/build/intermediates/manifest_merge_blame_file/debug/manifest-merger-blame-debug-report.txt
1<?xml version="1.0" encoding="utf-8"?>
2<manifest xmlns:android="http://schemas.android.com/apk/res/android"
3    package="com.hello.RabbitTracker"
4    android:versionCode="1"
5    android:versionName="1.0" >
6
7    <uses-sdk
8        android:minSdkVersion="16"
8-->src/main/AndroidManifest.xml
9        android:targetSdkVersion="30" />
9-->src/main/AndroidManifest.xml
10
11    <application
11-->src/main/AndroidManifest.xml:5:5-26:19
12        android:allowBackup="true"
12-->src/main/AndroidManifest.xml:6:9-35
13        android:appComponentFactory="androidx.core.app.CoreComponentFactory"
13-->[androidx.core:core:1.3.2] AndroidManifest.xml:24:18-86
14        android:debuggable="true"
15        android:icon="@mipmap/ic_launcher"
15-->src/main/AndroidManifest.xml:7:9-43
16        android:label="@string/app_name"
16-->src/main/AndroidManifest.xml:8:9-41
17        android:roundIcon="@mipmap/ic_launcher_round"
17-->src/main/AndroidManifest.xml:9:9-54
18        android:supportsRtl="true"
18-->src/main/AndroidManifest.xml:10:9-35
19        android:testOnly="true"
20        android:theme="@style/Theme.RabbitTracker" >
20-->src/main/AndroidManifest.xml:11:9-51
21        <activity android:name="com.hello.RabbitTracker.AddTodoActivity" />
21-->src/main/AndroidManifest.xml:12:9-62
21-->src/main/AndroidManifest.xml:12:19-50
22        <activity
22-->src/main/AndroidManifest.xml:13:9-21:20
23            android:name="com.hello.RabbitTracker.LogInActivity"
23-->src/main/AndroidManifest.xml:14:13-42
24            android:theme="@style/SplashTheme" >
24-->src/main/AndroidManifest.xml:15:13-47
25            <intent-filter>
25-->src/main/AndroidManifest.xml:16:13-20:29
26                <action android:name="android.intent.action.MAIN" />
26-->src/main/AndroidManifest.xml:17:17-69
26-->src/main/AndroidManifest.xml:17:25-66
27
28                <category android:name="android.intent.category.LAUNCHER" />
28-->src/main/AndroidManifest.xml:19:17-77
28-->src/main/AndroidManifest.xml:19:27-74
29            </intent-filter>
30        </activity>
31        <activity android:name="com.hello.RabbitTracker.SignUpActivity" />
31-->src/main/AndroidManifest.xml:22:9-52
31-->src/main/AndroidManifest.xml:22:19-49
32        <activity
32-->src/main/AndroidManifest.xml:23:9-25:75
33            android:name="com.hello.RabbitTracker.MainActivity"
33-->src/main/AndroidManifest.xml:24:13-41
34            android:windowSoftInputMode="stateHidden|adjustUnspecified" />
34-->src/main/AndroidManifest.xml:25:13-72
35
36        <service
36-->[androidx.room:room-runtime:2.2.6] AndroidManifest.xml:25:9-28:40
37            android:name="androidx.room.MultiInstanceInvalidationService"
37-->[androidx.room:room-runtime:2.2.6] AndroidManifest.xml:26:13-74
38            android:directBootAware="true"
38-->[androidx.room:room-runtime:2.2.6] AndroidManifest.xml:27:13-43
39            android:exported="false" />
39-->[androidx.room:room-runtime:2.2.6] AndroidManifest.xml:28:13-37
40    </application>
41
42</manifest>